[11:24:17] [[32minfo[39m] [Logsful]
[18:40:02] [[32minfo[39m] [Login successful]
[00:07:19] [[32minfo[39m] [User not found. Login aborted.]
[00:09:59] [[32minfo[39m] [Login successful]
[00:13:48] [[32minfo[39m] [Login successful]
[00:13:48] [[32minfo[39m] [User not fouin succesnd. Login aborted.]
[00:14:25] [[32minfo[39m] [User not found. Login aborted.]
[00:14:25] [[32minfo[39m] [Login successful]
[12:20:56] [[32minfo[39m] [Incorrect password. Login aborted.]
[12:20:57] [[32minfo[39m] [Login successful]
[12:21:44] [[32minfo[39m] [Incorrect password. Login aborted.]
[12:21:45] [[32minfo[39m] [Login successful]
[12:29:05] [[32minfo[39m] [User not found. Login aborted.]
[12:29:05] [[32minfo[39m] [Incorrect password. Login aborted.]
[12:29:06] [[32minfo[39m] [Login successful]
[12:39:03] [[32minfo[39m] [User not found. Login aborted.]
[12:39:04] [[32minfo[39m] [Incorrect password. Login aborted.]
[12:39:04] [[32minfo[39m] [Login successful]
[12:40:28] [[32minfo[39m] [User not found. Login aborted.]
[12:40:28] [[32minfo[39m] [Incorrect password. Login aborted.]
[12:40:28] [[32minfo[39m] [Login successful]
[12:40:58] [[32minfo[39m] [User not found. Login aborted.]
[12:40:58] [[32minfo[39m] [Incorrect password. Login aborted.]
[12:40:58] [[32minfo[39m] [Login successful]
[12:42:29] [[32minfo[39m] [User not found. Login aborted.]
[12:42:29] [[32minfo[39m] [Incorrect password. Login aborted.]
[12:42:29] [[32minfo[39m] [Login successful]
[12:45:14] [[32minfo[39m] [User not found. Login aborted.]
[12:45:14] [[32minfo[39m] [Incorrect password. Login aborted.]
[12:45:14] [[32minfo[39m] [Login successful]
[12:47:18] [[32minfo[39m] [User not found. Login aborted.]
[12:47:19] [[32minfo[39m] [Incorrect password. Login aborted.]
[12:47:19] [[32minfo[39m] [Login successful]
[13:17:24] [[32minfo[39m] [User not found. Login aborted.]
[13:17:24] [[32minfo[39m] [Incorrect password. Login aborted.]
[13:17:24] [[32minfo[39m] [Login successful]
[13:17:51] [[32minfo[39m] [User not found. Login aborted.]
[13:17:51] [[32minfo[39m] [Incorrect password. Login aborted.]
[13:17:52] [[32minfo[39m] [Login successful]
[14:26:58] [[32minfo[39m] [Login successful]
